<?xml version="1.0" encoding="UTF-8"?>
<testng-results ignored="0" total="2" passed="2" failed="0" skipped="0">
  <reporter-output>
  </reporter-output>
  <suite started-at="2018-01-27T12:13:09Z" name="Suite" finished-at="2018-01-27T12:13:34Z" duration-ms="25056">
    <groups>
    </groups>
    <test started-at="2018-01-27T12:13:09Z" name="chromeTest" finished-at="2018-01-27T12:13:19Z" duration-ms="10054">
      <class name="grid.testng.SampleTest">
        <test-method signature="runTest(java.lang.String, java.lang.String)[pri:0, instance:grid.testng.SampleTest@16610890]" started-at="2018-01-27T17:43:09Z" name="runTest" finished-at="2018-01-27T17:43:19Z" duration-ms="10024" status="PASS">
          <params>
            <param index="0">
              <value>
                <![CDATA[chrome]]>
              </value>
            </param>
            <param index="1">
              <value>
                <![CDATA[63]]>
              </value>
            </param>
          </params>
          <reporter-output>
          </reporter-output>
        </test-method> <!-- runTest -->
      </class> <!-- grid.testng.SampleTest -->
    </test> <!-- chromeTest -->
    <test started-at="2018-01-27T12:13:19Z" name="FirefoxTest" finished-at="2018-01-27T12:13:34Z" duration-ms="14905">
      <class name="grid.testng.SampleTest">
        <test-method signature="runTest(java.lang.String, java.lang.String)[pri:0, instance:grid.testng.SampleTest@7bd4937b]" started-at="2018-01-27T17:43:19Z" name="runTest" finished-at="2018-01-27T17:43:34Z" duration-ms="14898" status="PASS">
          <params>
            <param index="0">
              <value>
                <![CDATA[firefox]]>
              </value>
            </param>
            <param index="1">
              <value>
                <![CDATA[57]]>
              </value>
            </param>
          </params>
          <reporter-output>
          </reporter-output>
        </test-method> <!-- runTest -->
      </class> <!-- grid.testng.SampleTest -->
    </test> <!-- FirefoxTest -->
  </suite> <!-- Suite -->
</testng-results>
